U:\UltraVncAsDll_mydev\zlib-1.2.5\contrib\vstudio\vc10\x86\ZlibStatDebug\Tmp\adler32.obj
U:\UltraVncAsDll_mydev\zlib-1.2.5\contrib\vstudio\vc10\x86\ZlibStatDebug\Tmp\cl.command.1.tlog
U:\UltraVncAsDll_mydev\zlib-1.2.5\contrib\vstudio\vc10\x86\ZlibStatDebug\Tmp\CL.read.1.tlog
U:\UltraVncAsDll_mydev\zlib-1.2.5\contrib\vstudio\vc10\x86\ZlibStatDebug\Tmp\CL.write.1.tlog
U:\UltraVncAsDll_mydev\zlib-1.2.5\contrib\vstudio\vc10\x86\ZlibStatDebug\Tmp\compress.obj
U:\UltraVncAsDll_mydev\zlib-1.2.5\contrib\vstudio\vc10\x86\ZlibStatDebug\Tmp\crc32.obj
U:\UltraVncAsDll_mydev\zlib-1.2.5\contrib\vstudio\vc10\x86\ZlibStatDebug\Tmp\deflate.obj
U:\UltraVncAsDll_mydev\zlib-1.2.5\contrib\vstudio\vc10\x86\ZlibStatDebug\Tmp\gzclose.obj
U:\UltraVncAsDll_mydev\zlib-1.2.5\contrib\vstudio\vc10\x86\ZlibStatDebug\Tmp\gzlib.obj
U:\UltraVncAsDll_mydev\zlib-1.2.5\contrib\vstudio\vc10\x86\ZlibStatDebug\Tmp\gzread.obj
U:\UltraVncAsDll_mydev\zlib-1.2.5\contrib\vstudio\vc10\x86\ZlibStatDebug\Tmp\gzwrite.obj
U:\UltraVncAsDll_mydev\zlib-1.2.5\contrib\vstudio\vc10\x86\ZlibStatDebug\Tmp\infback.obj
U:\UltraVncAsDll_mydev\zlib-1.2.5\contrib\vstudio\vc10\x86\ZlibStatDebug\Tmp\inffast.obj
U:\UltraVncAsDll_mydev\zlib-1.2.5\contrib\vstudio\vc10\x86\ZlibStatDebug\Tmp\inflate.obj
U:\UltraVncAsDll_mydev\zlib-1.2.5\contrib\vstudio\vc10\x86\ZlibStatDebug\Tmp\inftrees.obj
U:\UltraVncAsDll_mydev\zlib-1.2.5\contrib\vstudio\vc10\x86\ZlibStatDebug\Tmp\ioapi.obj
U:\UltraVncAsDll_mydev\zlib-1.2.5\contrib\vstudio\vc10\x86\ZlibStatDebug\Tmp\lib.command.1.tlog
U:\UltraVncAsDll_mydev\zlib-1.2.5\contrib\vstudio\vc10\x86\ZlibStatDebug\Tmp\Lib-link.read.1.tlog
U:\UltraVncAsDll_mydev\zlib-1.2.5\contrib\vstudio\vc10\x86\ZlibStatDebug\Tmp\Lib-link.write.1.tlog
U:\UltraVncAsDll_mydev\zlib-1.2.5\contrib\vstudio\vc10\x86\ZlibStatDebug\Tmp\Lib-link-cvtres.read.1.tlog
U:\UltraVncAsDll_mydev\zlib-1.2.5\contrib\vstudio\vc10\x86\ZlibStatDebug\Tmp\Lib-link-cvtres.write.1.tlog
U:\UltraVncAsDll_mydev\zlib-1.2.5\contrib\vstudio\vc10\x86\ZlibStatDebug\Tmp\rc.command.1.tlog
U:\UltraVncAsDll_mydev\zlib-1.2.5\contrib\vstudio\vc10\x86\ZlibStatDebug\Tmp\rc.read.1.tlog
U:\UltraVncAsDll_mydev\zlib-1.2.5\contrib\vstudio\vc10\x86\ZlibStatDebug\Tmp\rc.write.1.tlog
U:\UltraVncAsDll_mydev\zlib-1.2.5\contrib\vstudio\vc10\x86\ZlibStatDebug\Tmp\trees.obj
U:\UltraVncAsDll_mydev\zlib-1.2.5\contrib\vstudio\vc10\x86\ZlibStatDebug\Tmp\uncompr.obj
U:\UltraVncAsDll_mydev\zlib-1.2.5\contrib\vstudio\vc10\x86\ZlibStatDebug\Tmp\unzip.obj
U:\UltraVncAsDll_mydev\zlib-1.2.5\contrib\vstudio\vc10\x86\ZlibStatDebug\Tmp\zip.obj
U:\UltraVncAsDll_mydev\zlib-1.2.5\contrib\vstudio\vc10\x86\ZlibStatDebug\Tmp\zlib.res
U:\UltraVncAsDll_mydev\zlib-1.2.5\contrib\vstudio\vc10\x86\ZlibStatDebug\Tmp\zlibstat.write.1.tlog
U:\UltraVncAsDll_mydev\zlib-1.2.5\contrib\vstudio\vc10\x86\ZlibStatDebug\Tmp\zutil.obj
U:\UltraVncAsDll_mydev\zlib-1.2.5\contrib\vstudio\vc10\x86\ZlibStatDebug\zlibstat.lib
