U:\UltraVncAsDll_mydev\libjpeg-turbo-win\Debug\cl.command.1.tlog
U:\UltraVncAsDll_mydev\libjpeg-turbo-win\Debug\CL.read.1.tlog
U:\UltraVncAsDll_mydev\libjpeg-turbo-win\Debug\CL.write.1.tlog
U:\UltraVncAsDll_mydev\libjpeg-turbo-win\Debug\custombuild.command.1.tlog
U:\UltraVncAsDll_mydev\libjpeg-turbo-win\Debug\custombuild.read.1.tlog
U:\UltraVncAsDll_mydev\libjpeg-turbo-win\Debug\custombuild.write.1.tlog
U:\UltraVncAsDll_mydev\libjpeg-turbo-win\Debug\jcapimin.obj
U:\UltraVncAsDll_mydev\libjpeg-turbo-win\Debug\jcapistd.obj
U:\UltraVncAsDll_mydev\libjpeg-turbo-win\Debug\jccoefct.obj
U:\UltraVncAsDll_mydev\libjpeg-turbo-win\Debug\jccolor.obj
U:\UltraVncAsDll_mydev\libjpeg-turbo-win\Debug\jcdctmgr.obj
U:\UltraVncAsDll_mydev\libjpeg-turbo-win\Debug\jchuff.obj
U:\UltraVncAsDll_mydev\libjpeg-turbo-win\Debug\jcinit.obj
U:\UltraVncAsDll_mydev\libjpeg-turbo-win\Debug\jcmainct.obj
U:\UltraVncAsDll_mydev\libjpeg-turbo-win\Debug\jcmarker.obj
U:\UltraVncAsDll_mydev\libjpeg-turbo-win\Debug\jcmaster.obj
U:\UltraVncAsDll_mydev\libjpeg-turbo-win\Debug\jcomapi.obj
U:\UltraVncAsDll_mydev\libjpeg-turbo-win\Debug\jcparam.obj
U:\UltraVncAsDll_mydev\libjpeg-turbo-win\Debug\jcphuff.obj
U:\UltraVncAsDll_mydev\libjpeg-turbo-win\Debug\jcprepct.obj
U:\UltraVncAsDll_mydev\libjpeg-turbo-win\Debug\jcsample.obj
U:\UltraVncAsDll_mydev\libjpeg-turbo-win\Debug\jctrans.obj
U:\UltraVncAsDll_mydev\libjpeg-turbo-win\Debug\jdapimin.obj
U:\UltraVncAsDll_mydev\libjpeg-turbo-win\Debug\jdapistd.obj
U:\UltraVncAsDll_mydev\libjpeg-turbo-win\Debug\jdatadst.obj
U:\UltraVncAsDll_mydev\libjpeg-turbo-win\Debug\jdatasrc.obj
U:\UltraVncAsDll_mydev\libjpeg-turbo-win\Debug\jdcoefct.obj
U:\UltraVncAsDll_mydev\libjpeg-turbo-win\Debug\jdcolor.obj
U:\UltraVncAsDll_mydev\libjpeg-turbo-win\Debug\jddctmgr.obj
U:\UltraVncAsDll_mydev\libjpeg-turbo-win\Debug\jdhuff.obj
U:\UltraVncAsDll_mydev\libjpeg-turbo-win\Debug\jdinput.obj
U:\UltraVncAsDll_mydev\libjpeg-turbo-win\Debug\jdmainct.obj
U:\UltraVncAsDll_mydev\libjpeg-turbo-win\Debug\jdmarker.obj
U:\UltraVncAsDll_mydev\libjpeg-turbo-win\Debug\jdmaster.obj
U:\UltraVncAsDll_mydev\libjpeg-turbo-win\Debug\jdmerge.obj
U:\UltraVncAsDll_mydev\libjpeg-turbo-win\Debug\jdphuff.obj
U:\UltraVncAsDll_mydev\libjpeg-turbo-win\Debug\jdpostct.obj
U:\UltraVncAsDll_mydev\libjpeg-turbo-win\Debug\jdsample.obj
U:\UltraVncAsDll_mydev\libjpeg-turbo-win\Debug\jdtrans.obj
U:\UltraVncAsDll_mydev\libjpeg-turbo-win\Debug\jerror.obj
U:\UltraVncAsDll_mydev\libjpeg-turbo-win\Debug\jfdctflt.obj
U:\UltraVncAsDll_mydev\libjpeg-turbo-win\Debug\jfdctfst.obj
U:\UltraVncAsDll_mydev\libjpeg-turbo-win\Debug\jfdctint.obj
U:\UltraVncAsDll_mydev\libjpeg-turbo-win\Debug\jidctflt.obj
U:\UltraVncAsDll_mydev\libjpeg-turbo-win\Debug\jidctfst.obj
U:\UltraVncAsDll_mydev\libjpeg-turbo-win\Debug\jidctint.obj
U:\UltraVncAsDll_mydev\libjpeg-turbo-win\Debug\jidctred.obj
U:\UltraVncAsDll_mydev\libjpeg-turbo-win\Debug\jmemmgr.obj
U:\UltraVncAsDll_mydev\libjpeg-turbo-win\Debug\jmemnobs.obj
U:\UltraVncAsDll_mydev\libjpeg-turbo-win\Debug\jquant1.obj
U:\UltraVncAsDll_mydev\libjpeg-turbo-win\Debug\jquant2.obj
U:\UltraVncAsDll_mydev\libjpeg-turbo-win\Debug\jsimd_i386.obj
U:\UltraVncAsDll_mydev\libjpeg-turbo-win\Debug\jutils.obj
U:\UltraVncAsDll_mydev\libjpeg-turbo-win\Debug\lib.command.1.tlog
U:\UltraVncAsDll_mydev\libjpeg-turbo-win\Debug\libjpeg-turbo-win.write.1.tlog
U:\UltraVncAsDll_mydev\libjpeg-turbo-win\Debug\Lib-link.read.1.tlog
U:\UltraVncAsDll_mydev\libjpeg-turbo-win\Debug\Lib-link.write.1.tlog
U:\UltraVncAsDll_mydev\libjpeg-turbo-win\Debug\vc100.idb
U:\ULTRAVNCASDLL_MYDEV\LIBJPEG-TURBO-WIN\DEBUG\VC100.PDB
U:\ULTRAVNCASDLL_MYDEV\VNCVIEWER\DEBUG\JCCOLMMX.OBJ
U:\ULTRAVNCASDLL_MYDEV\VNCVIEWER\DEBUG\JCCOLSS2.OBJ
U:\ULTRAVNCASDLL_MYDEV\VNCVIEWER\DEBUG\JCQNT3DN.OBJ
U:\ULTRAVNCASDLL_MYDEV\VNCVIEWER\DEBUG\JCQNTMMX.OBJ
U:\ULTRAVNCASDLL_MYDEV\VNCVIEWER\DEBUG\JCQNTS2F.OBJ
U:\ULTRAVNCASDLL_MYDEV\VNCVIEWER\DEBUG\JCQNTS2I.OBJ
U:\ULTRAVNCASDLL_MYDEV\VNCVIEWER\DEBUG\JCQNTSSE.OBJ
U:\ULTRAVNCASDLL_MYDEV\VNCVIEWER\DEBUG\JCSAMMMX.OBJ
U:\ULTRAVNCASDLL_MYDEV\VNCVIEWER\DEBUG\JCSAMSS2.OBJ
U:\ULTRAVNCASDLL_MYDEV\VNCVIEWER\DEBUG\JDCOLMMX.OBJ
U:\ULTRAVNCASDLL_MYDEV\VNCVIEWER\DEBUG\JDCOLSS2.OBJ
U:\ULTRAVNCASDLL_MYDEV\VNCVIEWER\DEBUG\JDMERMMX.OBJ
U:\ULTRAVNCASDLL_MYDEV\VNCVIEWER\DEBUG\JDMERSS2.OBJ
U:\ULTRAVNCASDLL_MYDEV\VNCVIEWER\DEBUG\JDSAMMMX.OBJ
U:\ULTRAVNCASDLL_MYDEV\VNCVIEWER\DEBUG\JDSAMSS2.OBJ
U:\ULTRAVNCASDLL_MYDEV\VNCVIEWER\DEBUG\JF3DNFLT.OBJ
U:\ULTRAVNCASDLL_MYDEV\VNCVIEWER\DEBUG\JFMMXFST.OBJ
U:\ULTRAVNCASDLL_MYDEV\VNCVIEWER\DEBUG\JFMMXINT.OBJ
U:\ULTRAVNCASDLL_MYDEV\VNCVIEWER\DEBUG\JFSS2FST.OBJ
U:\ULTRAVNCASDLL_MYDEV\VNCVIEWER\DEBUG\JFSS2INT.OBJ
U:\ULTRAVNCASDLL_MYDEV\VNCVIEWER\DEBUG\JFSSEFLT.OBJ
U:\ULTRAVNCASDLL_MYDEV\VNCVIEWER\DEBUG\JI3DNFLT.OBJ
U:\ULTRAVNCASDLL_MYDEV\VNCVIEWER\DEBUG\JIMMXFST.OBJ
U:\ULTRAVNCASDLL_MYDEV\VNCVIEWER\DEBUG\JIMMXINT.OBJ
U:\ULTRAVNCASDLL_MYDEV\VNCVIEWER\DEBUG\JIMMXRED.OBJ
U:\ULTRAVNCASDLL_MYDEV\VNCVIEWER\DEBUG\JISS2FLT.OBJ
U:\ULTRAVNCASDLL_MYDEV\VNCVIEWER\DEBUG\JISS2FST.OBJ
U:\ULTRAVNCASDLL_MYDEV\VNCVIEWER\DEBUG\JISS2INT.OBJ
U:\ULTRAVNCASDLL_MYDEV\VNCVIEWER\DEBUG\JISS2RED.OBJ
U:\ULTRAVNCASDLL_MYDEV\VNCVIEWER\DEBUG\JISSEFLT.OBJ
U:\ULTRAVNCASDLL_MYDEV\VNCVIEWER\DEBUG\JSIMDCPU.OBJ
U:\UltraVncAsDll_mydev\vncviewer\Debug\libjpeg-turbo-win.lib
