U:\UltraVncAsDll_mydev\vncviewer\Debug\unz32lib.lib
U:\UltraVncAsDll_mydev\zipunzip_src\unzip\windll\vc6\lib\Debug\api.obj
U:\UltraVncAsDll_mydev\zipunzip_src\unzip\windll\vc6\lib\Debug\cl.command.1.tlog
U:\UltraVncAsDll_mydev\zipunzip_src\unzip\windll\vc6\lib\Debug\CL.read.1.tlog
U:\UltraVncAsDll_mydev\zipunzip_src\unzip\windll\vc6\lib\Debug\CL.write.1.tlog
U:\UltraVncAsDll_mydev\zipunzip_src\unzip\windll\vc6\lib\Debug\crc_i386.obj
U:\UltraVncAsDll_mydev\zipunzip_src\unzip\windll\vc6\lib\Debug\crc32.obj
U:\UltraVncAsDll_mydev\zipunzip_src\unzip\windll\vc6\lib\Debug\crctab.obj
U:\UltraVncAsDll_mydev\zipunzip_src\unzip\windll\vc6\lib\Debug\crypt.obj
U:\UltraVncAsDll_mydev\zipunzip_src\unzip\windll\vc6\lib\Debug\explode.obj
U:\UltraVncAsDll_mydev\zipunzip_src\unzip\windll\vc6\lib\Debug\extract.obj
U:\UltraVncAsDll_mydev\zipunzip_src\unzip\windll\vc6\lib\Debug\fileio.obj
U:\UltraVncAsDll_mydev\zipunzip_src\unzip\windll\vc6\lib\Debug\globals.obj
U:\UltraVncAsDll_mydev\zipunzip_src\unzip\windll\vc6\lib\Debug\inflate.obj
U:\UltraVncAsDll_mydev\zipunzip_src\unzip\windll\vc6\lib\Debug\lib.command.1.tlog
U:\UltraVncAsDll_mydev\zipunzip_src\unzip\windll\vc6\lib\Debug\Lib-link.read.1.tlog
U:\UltraVncAsDll_mydev\zipunzip_src\unzip\windll\vc6\lib\Debug\Lib-link.write.1.tlog
U:\UltraVncAsDll_mydev\zipunzip_src\unzip\windll\vc6\lib\Debug\list.obj
U:\UltraVncAsDll_mydev\zipunzip_src\unzip\windll\vc6\lib\Debug\match.obj
U:\UltraVncAsDll_mydev\zipunzip_src\unzip\windll\vc6\lib\Debug\nt.obj
U:\UltraVncAsDll_mydev\zipunzip_src\unzip\windll\vc6\lib\Debug\process.obj
U:\UltraVncAsDll_mydev\zipunzip_src\unzip\windll\vc6\lib\Debug\unreduce.obj
U:\UltraVncAsDll_mydev\zipunzip_src\unzip\windll\vc6\lib\Debug\unshrink.obj
U:\UltraVncAsDll_mydev\zipunzip_src\unzip\windll\vc6\lib\Debug\unz32lib.write.1.tlog
U:\UltraVncAsDll_mydev\zipunzip_src\unzip\windll\vc6\lib\Debug\win32.obj
U:\UltraVncAsDll_mydev\zipunzip_src\unzip\windll\vc6\lib\Debug\windll.obj
U:\UltraVncAsDll_mydev\zipunzip_src\unzip\windll\vc6\lib\Debug\zipinfo.obj
