U:\ULTRAVNCASDLL_MYDEV\VNCVIEWER\DEBUG\ABOUTBOX.OBJ
U:\ULTRAVNCASDLL_MYDEV\VNCVIEWER\DEBUG\ABOUTBOX.SBR
U:\ULTRAVNCASDLL_MYDEV\VNCVIEWER\DEBUG\ACCELKEYS.OBJ
U:\ULTRAVNCASDLL_MYDEV\VNCVIEWER\DEBUG\ACCELKEYS.SBR
U:\ULTRAVNCASDLL_MYDEV\VNCVIEWER\DEBUG\AUTHDIALOG.OBJ
U:\ULTRAVNCASDLL_MYDEV\VNCVIEWER\DEBUG\AUTHDIALOG.SBR
U:\ULTRAVNCASDLL_MYDEV\VNCVIEWER\DEBUG\BUILDTIME.OBJ
U:\ULTRAVNCASDLL_MYDEV\VNCVIEWER\DEBUG\BUILDTIME.SBR
U:\UltraVncAsDll_mydev\vncviewer\Debug\cl.command.1.tlog
U:\UltraVncAsDll_mydev\vncviewer\Debug\CL.read.1.tlog
U:\UltraVncAsDll_mydev\vncviewer\Debug\CL.write.1.tlog
U:\ULTRAVNCASDLL_MYDEV\VNCVIEWER\DEBUG\CLIENTCONNECTION.OBJ
U:\ULTRAVNCASDLL_MYDEV\VNCVIEWER\DEBUG\CLIENTCONNECTION.SBR
U:\ULTRAVNCASDLL_MYDEV\VNCVIEWER\DEBUG\CLIENTCONNECTIONCACHERECT.OBJ
U:\ULTRAVNCASDLL_MYDEV\VNCVIEWER\DEBUG\CLIENTCONNECTIONCACHERECT.SBR
U:\ULTRAVNCASDLL_MYDEV\VNCVIEWER\DEBUG\CLIENTCONNECTIONCLIPBOARD.OBJ
U:\ULTRAVNCASDLL_MYDEV\VNCVIEWER\DEBUG\CLIENTCONNECTIONCLIPBOARD.SBR
U:\ULTRAVNCASDLL_MYDEV\VNCVIEWER\DEBUG\CLIENTCONNECTIONCOPYRECT.OBJ
U:\ULTRAVNCASDLL_MYDEV\VNCVIEWER\DEBUG\CLIENTCONNECTIONCOPYRECT.SBR
U:\ULTRAVNCASDLL_MYDEV\VNCVIEWER\DEBUG\CLIENTCONNECTIONCORRE.OBJ
U:\ULTRAVNCASDLL_MYDEV\VNCVIEWER\DEBUG\CLIENTCONNECTIONCORRE.SBR
U:\ULTRAVNCASDLL_MYDEV\VNCVIEWER\DEBUG\CLIENTCONNECTIONCURSOR.OBJ
U:\ULTRAVNCASDLL_MYDEV\VNCVIEWER\DEBUG\CLIENTCONNECTIONCURSOR.SBR
U:\ULTRAVNCASDLL_MYDEV\VNCVIEWER\DEBUG\CLIENTCONNECTIONFILE.OBJ
U:\ULTRAVNCASDLL_MYDEV\VNCVIEWER\DEBUG\CLIENTCONNECTIONFILE.SBR
U:\ULTRAVNCASDLL_MYDEV\VNCVIEWER\DEBUG\CLIENTCONNECTIONFULLSCREEN.OBJ
U:\ULTRAVNCASDLL_MYDEV\VNCVIEWER\DEBUG\CLIENTCONNECTIONFULLSCREEN.SBR
U:\ULTRAVNCASDLL_MYDEV\VNCVIEWER\DEBUG\CLIENTCONNECTIONHEXTILE.OBJ
U:\ULTRAVNCASDLL_MYDEV\VNCVIEWER\DEBUG\CLIENTCONNECTIONHEXTILE.SBR
U:\ULTRAVNCASDLL_MYDEV\VNCVIEWER\DEBUG\CLIENTCONNECTIONRAW.OBJ
U:\ULTRAVNCASDLL_MYDEV\VNCVIEWER\DEBUG\CLIENTCONNECTIONRAW.SBR
U:\ULTRAVNCASDLL_MYDEV\VNCVIEWER\DEBUG\CLIENTCONNECTIONRRE.OBJ
U:\ULTRAVNCASDLL_MYDEV\VNCVIEWER\DEBUG\CLIENTCONNECTIONRRE.SBR
U:\ULTRAVNCASDLL_MYDEV\VNCVIEWER\DEBUG\CLIENTCONNECTIONTIGHT.OBJ
U:\ULTRAVNCASDLL_MYDEV\VNCVIEWER\DEBUG\CLIENTCONNECTIONTIGHT.SBR
U:\ULTRAVNCASDLL_MYDEV\VNCVIEWER\DEBUG\CLIENTCONNECTIONULTRA.OBJ
U:\ULTRAVNCASDLL_MYDEV\VNCVIEWER\DEBUG\CLIENTCONNECTIONULTRA.SBR
U:\ULTRAVNCASDLL_MYDEV\VNCVIEWER\DEBUG\CLIENTCONNECTIONULTRA2.OBJ
U:\ULTRAVNCASDLL_MYDEV\VNCVIEWER\DEBUG\CLIENTCONNECTIONULTRA2.SBR
U:\ULTRAVNCASDLL_MYDEV\VNCVIEWER\DEBUG\CLIENTCONNECTIONZLIB.OBJ
U:\UltraVncAsDll_mydev\vncviewer\Debug\ClientConnectionZlib.sbr
U:\ULTRAVNCASDLL_MYDEV\VNCVIEWER\DEBUG\CLIENTCONNECTIONZLIBHEX.OBJ
U:\UltraVncAsDll_mydev\vncviewer\Debug\ClientConnectionZlibHex.sbr
U:\ULTRAVNCASDLL_MYDEV\VNCVIEWER\DEBUG\CLIPBOARD.OBJ
U:\UltraVncAsDll_mydev\vncviewer\Debug\Clipboard.sbr
U:\UltraVncAsDll_mydev\vncviewer\Debug\d3des.obj
U:\UltraVncAsDll_mydev\vncviewer\Debug\d3des.sbr
U:\ULTRAVNCASDLL_MYDEV\VNCVIEWER\DEBUG\DAEMON.OBJ
U:\UltraVncAsDll_mydev\vncviewer\Debug\Daemon.sbr
U:\ULTRAVNCASDLL_MYDEV\VNCVIEWER\DEBUG\DH.OBJ
U:\UltraVncAsDll_mydev\vncviewer\Debug\dh.sbr
U:\UltraVncAsDll_mydev\vncviewer\Debug\directxviewer.obj
U:\UltraVncAsDll_mydev\vncviewer\Debug\directxviewer.sbr
U:\UltraVncAsDll_mydev\vncviewer\Debug\display.obj
U:\UltraVncAsDll_mydev\vncviewer\Debug\display.sbr
U:\ULTRAVNCASDLL_MYDEV\VNCVIEWER\DEBUG\DSMPLUGIN.OBJ
U:\UltraVncAsDll_mydev\vncviewer\Debug\DSMPlugin.sbr
U:\UltraVncAsDll_mydev\vncviewer\Debug\Exception.obj
U:\UltraVncAsDll_mydev\vncviewer\Debug\Exception.sbr
U:\UltraVncAsDll_mydev\vncviewer\Debug\FileTransfer.obj
U:\UltraVncAsDll_mydev\vncviewer\Debug\FileTransfer.sbr
U:\UltraVncAsDll_mydev\vncviewer\Debug\FullScreenTitleBar.obj
U:\UltraVncAsDll_mydev\vncviewer\Debug\FullScreenTitleBar.sbr
U:\UltraVncAsDll_mydev\vncviewer\Debug\jccolmmx.obj
U:\UltraVncAsDll_mydev\vncviewer\Debug\jccolss2.obj
U:\UltraVncAsDll_mydev\vncviewer\Debug\jcqnt3dn.obj
U:\UltraVncAsDll_mydev\vncviewer\Debug\jcqntmmx.obj
U:\UltraVncAsDll_mydev\vncviewer\Debug\jcqnts2f.obj
U:\UltraVncAsDll_mydev\vncviewer\Debug\jcqnts2i.obj
U:\UltraVncAsDll_mydev\vncviewer\Debug\jcqntsse.obj
U:\UltraVncAsDll_mydev\vncviewer\Debug\jcsammmx.obj
U:\UltraVncAsDll_mydev\vncviewer\Debug\jcsamss2.obj
U:\UltraVncAsDll_mydev\vncviewer\Debug\jdcolmmx.obj
U:\UltraVncAsDll_mydev\vncviewer\Debug\jdcolss2.obj
U:\UltraVncAsDll_mydev\vncviewer\Debug\jdmermmx.obj
U:\UltraVncAsDll_mydev\vncviewer\Debug\jdmerss2.obj
U:\UltraVncAsDll_mydev\vncviewer\Debug\jdsammmx.obj
U:\UltraVncAsDll_mydev\vncviewer\Debug\jdsamss2.obj
U:\UltraVncAsDll_mydev\vncviewer\Debug\jf3dnflt.obj
U:\UltraVncAsDll_mydev\vncviewer\Debug\jfmmxfst.obj
U:\UltraVncAsDll_mydev\vncviewer\Debug\jfmmxint.obj
U:\UltraVncAsDll_mydev\vncviewer\Debug\jfss2fst.obj
U:\UltraVncAsDll_mydev\vncviewer\Debug\jfss2int.obj
U:\UltraVncAsDll_mydev\vncviewer\Debug\jfsseflt.obj
U:\UltraVncAsDll_mydev\vncviewer\Debug\ji3dnflt.obj
U:\UltraVncAsDll_mydev\vncviewer\Debug\jimmxfst.obj
U:\UltraVncAsDll_mydev\vncviewer\Debug\jimmxint.obj
U:\UltraVncAsDll_mydev\vncviewer\Debug\jimmxred.obj
U:\UltraVncAsDll_mydev\vncviewer\Debug\jiss2flt.obj
U:\UltraVncAsDll_mydev\vncviewer\Debug\jiss2fst.obj
U:\UltraVncAsDll_mydev\vncviewer\Debug\jiss2int.obj
U:\UltraVncAsDll_mydev\vncviewer\Debug\jiss2red.obj
U:\UltraVncAsDll_mydev\vncviewer\Debug\jisseflt.obj
U:\UltraVncAsDll_mydev\vncviewer\Debug\jsimdcpu.obj
U:\UltraVncAsDll_mydev\vncviewer\Debug\KeyMap.obj
U:\UltraVncAsDll_mydev\vncviewer\Debug\KeyMap.sbr
U:\UltraVncAsDll_mydev\vncviewer\Debug\KeyMapjap.obj
U:\UltraVncAsDll_mydev\vncviewer\Debug\KeyMapjap.sbr
U:\UltraVncAsDll_mydev\vncviewer\Debug\link.command.1.tlog
U:\UltraVncAsDll_mydev\vncviewer\Debug\link.read.1.tlog
U:\UltraVncAsDll_mydev\vncviewer\Debug\link.write.1.tlog
U:\UltraVncAsDll_mydev\vncviewer\Debug\Log.obj
U:\UltraVncAsDll_mydev\vncviewer\Debug\Log.sbr
U:\UltraVncAsDll_mydev\vncviewer\Debug\LowLevelHook.obj
U:\UltraVncAsDll_mydev\vncviewer\Debug\LowLevelHook.sbr
U:\UltraVncAsDll_mydev\vncviewer\Debug\MessBox2.obj
U:\UltraVncAsDll_mydev\vncviewer\Debug\MessBox2.sbr
U:\UltraVncAsDll_mydev\vncviewer\Debug\minilzo.obj
U:\UltraVncAsDll_mydev\vncviewer\Debug\minilzo.sbr
U:\UltraVncAsDll_mydev\vncviewer\Debug\MRU.obj
U:\UltraVncAsDll_mydev\vncviewer\Debug\MRU.sbr
U:\UltraVncAsDll_mydev\vncviewer\Debug\rc.command.1.tlog
U:\UltraVncAsDll_mydev\vncviewer\Debug\rc.read.1.tlog
U:\UltraVncAsDll_mydev\vncviewer\Debug\rc.write.1.tlog
U:\UltraVncAsDll_mydev\vncviewer\Debug\SessionDialog.obj
U:\UltraVncAsDll_mydev\vncviewer\Debug\SessionDialog.sbr
U:\UltraVncAsDll_mydev\vncviewer\Debug\stdhdrs.obj
U:\UltraVncAsDll_mydev\vncviewer\Debug\stdhdrs.sbr
U:\UltraVncAsDll_mydev\vncviewer\Debug\TextChat.obj
U:\UltraVncAsDll_mydev\vncviewer\Debug\TextChat.sbr
U:\UltraVncAsDll_mydev\vncviewer\Debug\vc100.idb
U:\ULTRAVNCASDLL_MYDEV\VNCVIEWER\DEBUG\VC100.PDB
U:\UltraVncAsDll_mydev\vncviewer\Debug\vncauth.obj
U:\UltraVncAsDll_mydev\vncviewer\Debug\vncauth.sbr
U:\UltraVncAsDll_mydev\vncviewer\Debug\VNCOptions.obj
U:\UltraVncAsDll_mydev\vncviewer\Debug\VNCOptions.sbr
U:\UltraVncAsDll_mydev\vncviewer\Debug\vncviewer.exe.embed.manifest
U:\UltraVncAsDll_mydev\vncviewer\Debug\vncviewer.exe.embed.manifest.res
U:\UltraVncAsDll_mydev\vncviewer\Debug\vncviewer.obj
U:\UltraVncAsDll_mydev\vncviewer\Debug\vncviewer.pch
U:\UltraVncAsDll_mydev\vncviewer\Debug\vncviewer.res
U:\UltraVncAsDll_mydev\vncviewer\Debug\vncviewer.sbr
U:\UltraVncAsDll_mydev\vncviewer\Debug\vncviewer.write.1.tlog
U:\UltraVncAsDll_mydev\vncviewer\Debug\vncviewer_manifest.rc
U:\UltraVncAsDll_mydev\vncviewer\Debug\VNCviewerApp.obj
U:\UltraVncAsDll_mydev\vncviewer\Debug\VNCviewerApp.sbr
U:\UltraVncAsDll_mydev\vncviewer\Debug\VNCviewerApp32.obj
U:\UltraVncAsDll_mydev\vncviewer\Debug\VNCviewerApp32.sbr
U:\UltraVncAsDll_mydev\vncviewer\Debug\win32_helpers.obj
U:\UltraVncAsDll_mydev\vncviewer\Debug\win32_helpers.sbr
U:\UltraVncAsDll_mydev\vncviewer\Debug\ZipUnzip32.obj
U:\UltraVncAsDll_mydev\vncviewer\Debug\ZipUnzip32.sbr
U:\UltraVncAsDll_mydev\vncviewer\Debug\zrle.obj
U:\UltraVncAsDll_mydev\vncviewer\Debug\zrle.sbr
